{"/Users/sandagenkhbaatar/antigravity/storex-v2/stateTransitions.ts": {"path":"/Users/sandagenkhbaatar/antigravity/storex-v2/stateTransitions.ts","statementMap":{"0":{"start":{"line":39,"column":4},"end":{"line":63,"column":null}},"1":{"start":{"line":41,"column":12},"end":{"line":43,"column":null}},"2":{"start":{"line":42,"column":16},"end":{"line":42,"column":null}},"3":{"start":{"line":44,"column":12},"end":{"line":44,"column":null}},"4":{"start":{"line":47,"column":12},"end":{"line":49,"column":null}},"5":{"start":{"line":48,"column":16},"end":{"line":48,"column":null}},"6":{"start":{"line":50,"column":12},"end":{"line":52,"column":null}},"7":{"start":{"line":51,"column":16},"end":{"line":51,"column":null}},"8":{"start":{"line":53,"column":12},"end":{"line":53,"column":null}},"9":{"start":{"line":56,"column":12},"end":{"line":58,"column":null}},"10":{"start":{"line":57,"column":16},"end":{"line":57,"column":null}},"11":{"start":{"line":59,"column":12},"end":{"line":59,"column":null}},"12":{"start":{"line":62,"column":12},"end":{"line":62,"column":null}},"13":{"start":{"line":91,"column":4},"end":{"line":123,"column":null}},"14":{"start":{"line":93,"column":12},"end":{"line":95,"column":null}},"15":{"start":{"line":94,"column":16},"end":{"line":94,"column":null}},"16":{"start":{"line":96,"column":12},"end":{"line":96,"column":null}},"17":{"start":{"line":99,"column":12},"end":{"line":101,"column":null}},"18":{"start":{"line":100,"column":16},"end":{"line":100,"column":null}},"19":{"start":{"line":102,"column":12},"end":{"line":104,"column":null}},"20":{"start":{"line":103,"column":16},"end":{"line":103,"column":null}},"21":{"start":{"line":105,"column":12},"end":{"line":105,"column":null}},"22":{"start":{"line":109,"column":12},"end":{"line":109,"column":null}},"23":{"start":{"line":112,"column":12},"end":{"line":114,"column":null}},"24":{"start":{"line":113,"column":16},"end":{"line":113,"column":null}},"25":{"start":{"line":115,"column":12},"end":{"line":115,"column":null}},"26":{"start":{"line":119,"column":12},"end":{"line":119,"column":null}},"27":{"start":{"line":122,"column":12},"end":{"line":122,"column":null}},"28":{"start":{"line":145,"column":4},"end":{"line":160,"column":null}},"29":{"start":{"line":174,"column":4},"end":{"line":174,"column":null}},"30":{"start":{"line":185,"column":4},"end":{"line":187,"column":null}},"31":{"start":{"line":186,"column":8},"end":{"line":186,"column":null}},"32":{"start":{"line":188,"column":4},"end":{"line":188,"column":null}},"33":{"start":{"line":198,"column":4},"end":{"line":198,"column":null}},"34":{"start":{"line":208,"column":4},"end":{"line":208,"column":null}},"35":{"start":{"line":219,"column":4},"end":{"line":219,"column":null}},"36":{"start":{"line":230,"column":26},"end":{"line":254,"column":null}},"37":{"start":{"line":233,"column":8},"end":{"line":233,"column":null}},"38":{"start":{"line":237,"column":8},"end":{"line":237,"column":null}},"39":{"start":{"line":241,"column":8},"end":{"line":241,"column":null}},"40":{"start":{"line":245,"column":8},"end":{"line":245,"column":null}},"41":{"start":{"line":249,"column":8},"end":{"line":249,"column":null}},"42":{"start":{"line":253,"column":8},"end":{"line":253,"column":null}},"43":{"start":{"line":264,"column":4},"end":{"line":277,"column":null}},"44":{"start":{"line":266,"column":12},"end":{"line":266,"column":null}},"45":{"start":{"line":268,"column":12},"end":{"line":268,"column":null}},"46":{"start":{"line":270,"column":12},"end":{"line":270,"column":null}},"47":{"start":{"line":272,"column":12},"end":{"line":272,"column":null}},"48":{"start":{"line":274,"column":12},"end":{"line":274,"column":null}},"49":{"start":{"line":276,"column":12},"end":{"line":276,"column":null}},"50":{"start":{"line":288,"column":4},"end":{"line":301,"column":null}},"51":{"start":{"line":289,"column":8},"end":{"line":300,"column":null}},"52":{"start":{"line":291,"column":16},"end":{"line":291,"column":null}},"53":{"start":{"line":293,"column":16},"end":{"line":293,"column":null}},"54":{"start":{"line":295,"column":16},"end":{"line":295,"column":null}},"55":{"start":{"line":297,"column":16},"end":{"line":297,"column":null}},"56":{"start":{"line":299,"column":16},"end":{"line":299,"column":null}},"57":{"start":{"line":304,"column":4},"end":{"line":306,"column":null}},"58":{"start":{"line":305,"column":8},"end":{"line":305,"column":null}},"59":{"start":{"line":307,"column":4},"end":{"line":309,"column":null}},"60":{"start":{"line":308,"column":8},"end":{"line":308,"column":null}},"61":{"start":{"line":310,"column":4},"end":{"line":312,"column":null}},"62":{"start":{"line":311,"column":8},"end":{"line":311,"column":null}},"63":{"start":{"line":313,"column":4},"end":{"line":315,"column":null}},"64":{"start":{"line":314,"column":8},"end":{"line":314,"column":null}},"65":{"start":{"line":316,"column":4},"end":{"line":318,"column":null}},"66":{"start":{"line":317,"column":8},"end":{"line":317,"column":null}},"67":{"start":{"line":320,"column":4},"end":{"line":320,"column":null}}},"fnMap":{"0":{"name":"transitionUserState","decl":{"start":{"line":35,"column":16},"end":{"line":35,"column":null}},"loc":{"start":{"line":38,"column":19},"end":{"line":64,"column":null}},"line":38},"1":{"name":"transitionBusinessState","decl":{"start":{"line":87,"column":16},"end":{"line":87,"column":null}},"loc":{"start":{"line":90,"column":23},"end":{"line":124,"column":null}},"line":90},"2":{"name":"updateReadinessFlags","decl":{"start":{"line":135,"column":16},"end":{"line":135,"column":null}},"loc":{"start":{"line":144,"column":21},"end":{"line":161,"column":null}},"line":144},"3":{"name":"validateReferralCode","decl":{"start":{"line":171,"column":22},"end":{"line":171,"column":43}},"loc":{"start":{"line":171,"column":75},"end":{"line":175,"column":null}},"line":171},"4":{"name":"canCreateBusiness","decl":{"start":{"line":181,"column":22},"end":{"line":181,"column":null}},"loc":{"start":{"line":184,"column":20},"end":{"line":189,"column":null}},"line":184},"5":{"name":"canRequestPayout","decl":{"start":{"line":195,"column":16},"end":{"line":195,"column":null}},"loc":{"start":{"line":197,"column":11},"end":{"line":199,"column":null}},"line":197},"6":{"name":"canCompleteCheckout","decl":{"start":{"line":205,"column":16},"end":{"line":205,"column":null}},"loc":{"start":{"line":207,"column":11},"end":{"line":209,"column":null}},"line":207},"7":{"name":"canAIExecuteAutomation","decl":{"start":{"line":215,"column":16},"end":{"line":215,"column":null}},"loc":{"start":{"line":218,"column":11},"end":{"line":220,"column":null}},"line":218},"8":{"name":"(anonymous_8)","decl":{"start":{"line":232,"column":22},"end":{"line":232,"column":23}},"loc":{"start":{"line":233,"column":8},"end":{"line":233,"column":null}},"line":233},"9":{"name":"(anonymous_9)","decl":{"start":{"line":236,"column":20},"end":{"line":236,"column":21}},"loc":{"start":{"line":237,"column":8},"end":{"line":237,"column":null}},"line":237},"10":{"name":"(anonymous_10)","decl":{"start":{"line":240,"column":24},"end":{"line":240,"column":25}},"loc":{"start":{"line":241,"column":8},"end":{"line":241,"column":null}},"line":241},"11":{"name":"(anonymous_11)","decl":{"start":{"line":244,"column":24},"end":{"line":244,"column":25}},"loc":{"start":{"line":245,"column":8},"end":{"line":245,"column":null}},"line":245},"12":{"name":"(anonymous_12)","decl":{"start":{"line":248,"column":22},"end":{"line":248,"column":23}},"loc":{"start":{"line":249,"column":8},"end":{"line":249,"column":null}},"line":249},"13":{"name":"(anonymous_13)","decl":{"start":{"line":252,"column":17},"end":{"line":252,"column":18}},"loc":{"start":{"line":253,"column":8},"end":{"line":253,"column":null}},"line":253},"14":{"name":"getStateDescription","decl":{"start":{"line":263,"column":16},"end":{"line":263,"column":36}},"loc":{"start":{"line":263,"column":72},"end":{"line":278,"column":null}},"line":263},"15":{"name":"getNextAction","decl":{"start":{"line":283,"column":16},"end":{"line":283,"column":null}},"loc":{"start":{"line":286,"column":17},"end":{"line":321,"column":null}},"line":286}},"branchMap":{"0":{"loc":{"start":{"line":39,"column":4},"end":{"line":63,"column":null}},"type":"switch","locations":[{"start":{"line":40,"column":8},"end":{"line":44,"column":null}},{"start":{"line":46,"column":8},"end":{"line":53,"column":null}},{"start":{"line":55,"column":8},"end":{"line":59,"column":null}},{"start":{"line":61,"column":8},"end":{"line":62,"column":null}}],"line":39},"1":{"loc":{"start":{"line":41,"column":12},"end":{"line":43,"column":null}},"type":"if","locations":[{"start":{"line":41,"column":12},"end":{"line":43,"column":null}},{"start":{},"end":{}}],"line":41},"2":{"loc":{"start":{"line":41,"column":16},"end":{"line":41,"column":71}},"type":"binary-expr","locations":[{"start":{"line":41,"column":16},"end":{"line":41,"column":45}},{"start":{"line":41,"column":45},"end":{"line":41,"column":71}}],"line":41},"3":{"loc":{"start":{"line":47,"column":12},"end":{"line":49,"column":null}},"type":"if","locations":[{"start":{"line":47,"column":12},"end":{"line":49,"column":null}},{"start":{},"end":{}}],"line":47},"4":{"loc":{"start":{"line":50,"column":12},"end":{"line":52,"column":null}},"type":"if","locations":[{"start":{"line":50,"column":12},"end":{"line":52,"column":null}},{"start":{},"end":{}}],"line":50},"5":{"loc":{"start":{"line":56,"column":12},"end":{"line":58,"column":null}},"type":"if","locations":[{"start":{"line":56,"column":12},"end":{"line":58,"column":null}},{"start":{},"end":{}}],"line":56},"6":{"loc":{"start":{"line":91,"column":4},"end":{"line":123,"column":null}},"type":"switch","locations":[{"start":{"line":92,"column":8},"end":{"line":96,"column":null}},{"start":{"line":98,"column":8},"end":{"line":105,"column":null}},{"start":{"line":107,"column":8},"end":{"line":109,"column":null}},{"start":{"line":111,"column":8},"end":{"line":115,"column":null}},{"start":{"line":117,"column":8},"end":{"line":119,"column":null}},{"start":{"line":121,"column":8},"end":{"line":122,"column":null}}],"line":91},"7":{"loc":{"start":{"line":93,"column":12},"end":{"line":95,"column":null}},"type":"if","locations":[{"start":{"line":93,"column":12},"end":{"line":95,"column":null}},{"start":{},"end":{}}],"line":93},"8":{"loc":{"start":{"line":99,"column":12},"end":{"line":101,"column":null}},"type":"if","locations":[{"start":{"line":99,"column":12},"end":{"line":101,"column":null}},{"start":{},"end":{}}],"line":99},"9":{"loc":{"start":{"line":102,"column":12},"end":{"line":104,"column":null}},"type":"if","locations":[{"start":{"line":102,"column":12},"end":{"line":104,"column":null}},{"start":{},"end":{}}],"line":102},"10":{"loc":{"start":{"line":102,"column":16},"end":{"line":102,"column":95}},"type":"binary-expr","locations":[{"start":{"line":102,"column":16},"end":{"line":102,"column":61}},{"start":{"line":102,"column":61},"end":{"line":102,"column":95}}],"line":102},"11":{"loc":{"start":{"line":112,"column":12},"end":{"line":114,"column":null}},"type":"if","locations":[{"start":{"line":112,"column":12},"end":{"line":114,"column":null}},{"start":{},"end":{}}],"line":112},"12":{"loc":{"start":{"line":147,"column":26},"end":{"line":147,"column":66}},"type":"binary-expr","locations":[{"start":{"line":147,"column":26},"end":{"line":147,"column":61}},{"start":{"line":147,"column":61},"end":{"line":147,"column":66}}],"line":147},"13":{"loc":{"start":{"line":150,"column":30},"end":{"line":150,"column":69}},"type":"binary-expr","locations":[{"start":{"line":150,"column":30},"end":{"line":150,"column":64}},{"start":{"line":150,"column":64},"end":{"line":150,"column":69}}],"line":150},"14":{"loc":{"start":{"line":153,"column":29},"end":{"line":153,"column":63}},"type":"binary-expr","locations":[{"start":{"line":153,"column":29},"end":{"line":153,"column":58}},{"start":{"line":153,"column":58},"end":{"line":153,"column":63}}],"line":153},"15":{"loc":{"start":{"line":156,"column":23},"end":{"line":156,"column":51}},"type":"binary-expr","locations":[{"start":{"line":156,"column":23},"end":{"line":156,"column":44}},{"start":{"line":156,"column":44},"end":{"line":156,"column":51}}],"line":156},"16":{"loc":{"start":{"line":159,"column":22},"end":{"line":159,"column":null}},"type":"binary-expr","locations":[{"start":{"line":159,"column":22},"end":{"line":159,"column":51}},{"start":{"line":159,"column":51},"end":{"line":159,"column":null}}],"line":159},"17":{"loc":{"start":{"line":174,"column":11},"end":{"line":174,"column":null}},"type":"binary-expr","locations":[{"start":{"line":174,"column":11},"end":{"line":174,"column":41}},{"start":{"line":174,"column":41},"end":{"line":174,"column":null}}],"line":174},"18":{"loc":{"start":{"line":185,"column":4},"end":{"line":187,"column":null}},"type":"if","locations":[{"start":{"line":185,"column":4},"end":{"line":187,"column":null}},{"start":{},"end":{}}],"line":185},"19":{"loc":{"start":{"line":219,"column":11},"end":{"line":219,"column":null}},"type":"binary-expr","locations":[{"start":{"line":219,"column":11},"end":{"line":219,"column":37}},{"start":{"line":219,"column":37},"end":{"line":219,"column":null}}],"line":219},"20":{"loc":{"start":{"line":253,"column":8},"end":{"line":253,"column":null}},"type":"binary-expr","locations":[{"start":{"line":253,"column":8},"end":{"line":253,"column":34}},{"start":{"line":253,"column":34},"end":{"line":253,"column":null}}],"line":253},"21":{"loc":{"start":{"line":264,"column":4},"end":{"line":277,"column":null}},"type":"switch","locations":[{"start":{"line":265,"column":8},"end":{"line":266,"column":null}},{"start":{"line":267,"column":8},"end":{"line":268,"column":null}},{"start":{"line":269,"column":8},"end":{"line":270,"column":null}},{"start":{"line":271,"column":8},"end":{"line":272,"column":null}},{"start":{"line":273,"column":8},"end":{"line":274,"column":null}},{"start":{"line":275,"column":8},"end":{"line":276,"column":null}}],"line":264},"22":{"loc":{"start":{"line":288,"column":4},"end":{"line":301,"column":null}},"type":"if","locations":[{"start":{"line":288,"column":4},"end":{"line":301,"column":null}},{"start":{},"end":{}}],"line":288},"23":{"loc":{"start":{"line":289,"column":8},"end":{"line":300,"column":null}},"type":"switch","locations":[{"start":{"line":290,"column":12},"end":{"line":291,"column":null}},{"start":{"line":292,"column":12},"end":{"line":293,"column":null}},{"start":{"line":294,"column":12},"end":{"line":295,"column":null}},{"start":{"line":296,"column":12},"end":{"line":297,"column":null}},{"start":{"line":298,"column":12},"end":{"line":299,"column":null}}],"line":289},"24":{"loc":{"start":{"line":304,"column":4},"end":{"line":306,"column":null}},"type":"if","locations":[{"start":{"line":304,"column":4},"end":{"line":306,"column":null}},{"start":{},"end":{}}],"line":304},"25":{"loc":{"start":{"line":307,"column":4},"end":{"line":309,"column":null}},"type":"if","locations":[{"start":{"line":307,"column":4},"end":{"line":309,"column":null}},{"start":{},"end":{}}],"line":307},"26":{"loc":{"start":{"line":310,"column":4},"end":{"line":312,"column":null}},"type":"if","locations":[{"start":{"line":310,"column":4},"end":{"line":312,"column":null}},{"start":{},"end":{}}],"line":310},"27":{"loc":{"start":{"line":313,"column":4},"end":{"line":315,"column":null}},"type":"if","locations":[{"start":{"line":313,"column":4},"end":{"line":315,"column":null}},{"start":{},"end":{}}],"line":313},"28":{"loc":{"start":{"line":316,"column":4},"end":{"line":318,"column":null}},"type":"if","locations":[{"start":{"line":316,"column":4},"end":{"line":318,"column":null}},{"start":{},"end":{}}],"line":316}},"s":{"0":5,"1":2,"2":2,"3":0,"4":2,"5":1,"6":1,"7":1,"8":0,"9":1,"10":1,"11":0,"12":0,"13":4,"14":1,"15":1,"16":0,"17":2,"18":1,"19":1,"20":1,"21":0,"22":0,"23":1,"24":1,"25":0,"26":0,"27":0,"28":3,"29":0,"30":0,"31":0,"32":0,"33":0,"34":0,"35":0,"36":1,"37":0,"38":0,"39":0,"40":0,"41":0,"42":0,"43":0,"44":0,"45":0,"46":0,"47":0,"48":0,"49":0,"50":0,"51":0,"52":0,"53":0,"54":0,"55":0,"56":0,"57":0,"58":0,"59":0,"60":0,"61":0,"62":0,"63":0,"64":0,"65":0,"66":0,"67":0},"f":{"0":5,"1":4,"2":3,"3":0,"4":0,"5":0,"6":0,"7":0,"8":0,"9":0,"10":0,"11":0,"12":0,"13":0,"14":0,"15":0},"b":{"0":[2,2,1,0],"1":[2,0],"2":[2,1],"3":[1,1],"4":[1,0],"5":[1,0],"6":[1,2,0,1,0,0],"7":[1,0],"8":[1,1],"9":[1,0],"10":[1,0],"11":[1,0],"12":[3,2],"13":[3,3],"14":[3,2],"15":[3,2],"16":[3,3],"17":[0,0],"18":[0,0],"19":[0,0],"20":[0,0],"21":[0,0,0,0,0,0],"22":[0,0],"23":[0,0,0,0,0],"24":[0,0],"25":[0,0],"26":[0,0],"27":[0,0],"28":[0,0]},"meta":{"lastBranch":29,"lastFunction":16,"lastStatement":68,"seen":{"f:35:16:35:Infinity":0,"b:40:8:44:Infinity:46:8:53:Infinity:55:8:59:Infinity:61:8:62:Infinity":0,"s:39:4:63:Infinity":0,"b:41:12:43:Infinity:undefined:undefined:undefined:undefined":1,"s:41:12:43:Infinity":1,"b:41:16:41:45:41:45:41:71":2,"s:42:16:42:Infinity":2,"s:44:12:44:Infinity":3,"b:47:12:49:Infinity:undefined:undefined:undefined:undefined":3,"s:47:12:49:Infinity":4,"s:48:16:48:Infinity":5,"b:50:12:52:Infinity:undefined:undefined:undefined:undefined":4,"s:50:12:52:Infinity":6,"s:51:16:51:Infinity":7,"s:53:12:53:Infinity":8,"b:56:12:58:Infinity:undefined:undefined:undefined:undefined":5,"s:56:12:58:Infinity":9,"s:57:16:57:Infinity":10,"s:59:12:59:Infinity":11,"s:62:12:62:Infinity":12,"f:87:16:87:Infinity":1,"b:92:8:96:Infinity:98:8:105:Infinity:107:8:109:Infinity:111:8:115:Infinity:117:8:119:Infinity:121:8:122:Infinity":6,"s:91:4:123:Infinity":13,"b:93:12:95:Infinity:undefined:undefined:undefined:undefined":7,"s:93:12:95:Infinity":14,"s:94:16:94:Infinity":15,"s:96:12:96:Infinity":16,"b:99:12:101:Infinity:undefined:undefined:undefined:undefined":8,"s:99:12:101:Infinity":17,"s:100:16:100:Infinity":18,"b:102:12:104:Infinity:undefined:undefined:undefined:undefined":9,"s:102:12:104:Infinity":19,"b:102:16:102:61:102:61:102:95":10,"s:103:16:103:Infinity":20,"s:105:12:105:Infinity":21,"s:109:12:109:Infinity":22,"b:112:12:114:Infinity:undefined:undefined:undefined:undefined":11,"s:112:12:114:Infinity":23,"s:113:16:113:Infinity":24,"s:115:12:115:Infinity":25,"s:119:12:119:Infinity":26,"s:122:12:122:Infinity":27,"f:135:16:135:Infinity":2,"s:145:4:160:Infinity":28,"b:147:26:147:61:147:61:147:66":12,"b:150:30:150:64:150:64:150:69":13,"b:153:29:153:58:153:58:153:63":14,"b:156:23:156:44:156:44:156:51":15,"b:159:22:159:51:159:51:159:Infinity":16,"f:171:22:171:43":3,"s:174:4:174:Infinity":29,"b:174:11:174:41:174:41:174:Infinity":17,"f:181:22:181:Infinity":4,"b:185:4:187:Infinity:undefined:undefined:undefined:undefined":18,"s:185:4:187:Infinity":30,"s:186:8:186:Infinity":31,"s:188:4:188:Infinity":32,"f:195:16:195:Infinity":5,"s:198:4:198:Infinity":33,"f:205:16:205:Infinity":6,"s:208:4:208:Infinity":34,"f:215:16:215:Infinity":7,"s:219:4:219:Infinity":35,"b:219:11:219:37:219:37:219:Infinity":19,"s:230:26:254:Infinity":36,"f:232:22:232:23":8,"s:233:8:233:Infinity":37,"f:236:20:236:21":9,"s:237:8:237:Infinity":38,"f:240:24:240:25":10,"s:241:8:241:Infinity":39,"f:244:24:244:25":11,"s:245:8:245:Infinity":40,"f:248:22:248:23":12,"s:249:8:249:Infinity":41,"f:252:17:252:18":13,"s:253:8:253:Infinity":42,"b:253:8:253:34:253:34:253:Infinity":20,"f:263:16:263:36":14,"b:265:8:266:Infinity:267:8:268:Infinity:269:8:270:Infinity:271:8:272:Infinity:273:8:274:Infinity:275:8:276:Infinity":21,"s:264:4:277:Infinity":43,"s:266:12:266:Infinity":44,"s:268:12:268:Infinity":45,"s:270:12:270:Infinity":46,"s:272:12:272:Infinity":47,"s:274:12:274:Infinity":48,"s:276:12:276:Infinity":49,"f:283:16:283:Infinity":15,"b:288:4:301:Infinity:undefined:undefined:undefined:undefined":22,"s:288:4:301:Infinity":50,"b:290:12:291:Infinity:292:12:293:Infinity:294:12:295:Infinity:296:12:297:Infinity:298:12:299:Infinity":23,"s:289:8:300:Infinity":51,"s:291:16:291:Infinity":52,"s:293:16:293:Infinity":53,"s:295:16:295:Infinity":54,"s:297:16:297:Infinity":55,"s:299:16:299:Infinity":56,"b:304:4:306:Infinity:undefined:undefined:undefined:undefined":24,"s:304:4:306:Infinity":57,"s:305:8:305:Infinity":58,"b:307:4:309:Infinity:undefined:undefined:undefined:undefined":25,"s:307:4:309:Infinity":59,"s:308:8:308:Infinity":60,"b:310:4:312:Infinity:undefined:undefined:undefined:undefined":26,"s:310:4:312:Infinity":61,"s:311:8:311:Infinity":62,"b:313:4:315:Infinity:undefined:undefined:undefined:undefined":27,"s:313:4:315:Infinity":63,"s:314:8:314:Infinity":64,"b:316:4:318:Infinity:undefined:undefined:undefined:undefined":28,"s:316:4:318:Infinity":65,"s:317:8:317:Infinity":66,"s:320:4:320:Infinity":67}}}
,"/Users/sandagenkhbaatar/antigravity/storex-v2/components/Sidebar.tsx": {"path":"/Users/sandagenkhbaatar/antigravity/storex-v2/components/Sidebar.tsx","statementMap":{"0":{"start":{"line":11,"column":40},"end":{"line":119,"column":null}},"1":{"start":{"line":12,"column":12},"end":{"line":35,"column":null}},"2":{"start":{"line":37,"column":15},"end":{"line":37,"column":null}},"3":{"start":{"line":39,"column":27},"end":{"line":47,"column":null}},"4":{"start":{"line":49,"column":27},"end":{"line":51,"column":null}},"5":{"start":{"line":53,"column":24},"end":{"line":76,"column":null}},"6":{"start":{"line":54,"column":4},"end":{"line":76,"column":null}},"7":{"start":{"line":56,"column":21},"end":{"line":56,"column":null}},"8":{"start":{"line":79,"column":2},"end":{"line":117,"column":null}},"9":{"start":{"line":82,"column":180},"end":{"line":82,"column":null}}},"fnMap":{"0":{"name":"(anonymous_0)","decl":{"start":{"line":11,"column":40},"end":{"line":11,"column":41}},"loc":{"start":{"line":11,"column":119},"end":{"line":119,"column":null}},"line":11},"1":{"name":"(anonymous_1)","decl":{"start":{"line":53,"column":24},"end":{"line":53,"column":25}},"loc":{"start":{"line":54,"column":4},"end":{"line":76,"column":null}},"line":54},"2":{"name":"(anonymous_2)","decl":{"start":{"line":56,"column":15},"end":{"line":56,"column":21}},"loc":{"start":{"line":56,"column":21},"end":{"line":56,"column":null}},"line":56},"3":{"name":"(anonymous_3)","decl":{"start":{"line":82,"column":174},"end":{"line":82,"column":180}},"loc":{"start":{"line":82,"column":180},"end":{"line":82,"column":null}},"line":82}},"branchMap":{"0":{"loc":{"start":{"line":57,"column":118},"end":{"line":62,"column":null}},"type":"cond-expr","locations":[{"start":{"line":61,"column":12},"end":{"line":61,"column":null}},{"start":{"line":62,"column":12},"end":{"line":62,"column":null}}],"line":57},"1":{"loc":{"start":{"line":57,"column":118},"end":{"line":60,"column":null}},"type":"binary-expr","locations":[{"start":{"line":57,"column":118},"end":{"line":57,"column":null}},{"start":{"line":58,"column":11},"end":{"line":58,"column":46}},{"start":{"line":58,"column":46},"end":{"line":58,"column":null}},{"start":{"line":59,"column":11},"end":{"line":59,"column":44}},{"start":{"line":59,"column":44},"end":{"line":59,"column":null}},{"start":{"line":60,"column":11},"end":{"line":60,"column":47}},{"start":{"line":60,"column":47},"end":{"line":60,"column":null}}],"line":57},"2":{"loc":{"start":{"line":69,"column":6},"end":{"line":74,"column":null}},"type":"binary-expr","locations":[{"start":{"line":70,"column":8},"end":{"line":70,"column":null}},{"start":{"line":71,"column":9},"end":{"line":71,"column":44}},{"start":{"line":71,"column":44},"end":{"line":71,"column":null}},{"start":{"line":72,"column":9},"end":{"line":72,"column":42}},{"start":{"line":72,"column":42},"end":{"line":72,"column":null}},{"start":{"line":73,"column":9},"end":{"line":73,"column":45}},{"start":{"line":73,"column":45},"end":{"line":73,"column":null}},{"start":{"line":74,"column":10},"end":{"line":74,"column":null}}],"line":69},"3":{"loc":{"start":{"line":99,"column":122},"end":{"line":101,"column":null}},"type":"cond-expr","locations":[{"start":{"line":100,"column":16},"end":{"line":100,"column":null}},{"start":{"line":101,"column":16},"end":{"line":101,"column":null}}],"line":99}},"s":{"0":1,"1":6,"2":6,"3":6,"4":6,"5":6,"6":48,"7":1,"8":6,"9":0},"f":{"0":6,"1":48,"2":1,"3":0},"b":{"0":[6,42],"1":[48,42,0,42,0,42,0],"2":[48,42,0,42,0,42,0,6],"3":[0,6]},"meta":{"lastBranch":4,"lastFunction":4,"lastStatement":10,"seen":{"s:11:40:119:Infinity":0,"f:11:40:11:41":0,"s:12:12:35:Infinity":1,"s:37:15:37:Infinity":2,"s:39:27:47:Infinity":3,"s:49:27:51:Infinity":4,"s:53:24:76:Infinity":5,"f:53:24:53:25":1,"s:54:4:76:Infinity":6,"f:56:15:56:21":2,"s:56:21:56:Infinity":7,"b:61:12:61:Infinity:62:12:62:Infinity":0,"b:57:118:57:Infinity:58:11:58:46:58:46:58:Infinity:59:11:59:44:59:44:59:Infinity:60:11:60:47:60:47:60:Infinity":1,"b:70:8:70:Infinity:71:9:71:44:71:44:71:Infinity:72:9:72:42:72:42:72:Infinity:73:9:73:45:73:45:73:Infinity:74:10:74:Infinity":2,"s:79:2:117:Infinity":8,"f:82:174:82:180":3,"s:82:180:82:Infinity":9,"b:100:16:100:Infinity:101:16:101:Infinity":3}}}
}
